<?xml version="1.0" encoding="UTF-8"?>
<!-- Generated by org.testng.reporters.JUnitReportReporter -->
<testsuite hostname="Workstation-40" failures="0" tests="2" name="TestCases.Configuration_Module.PurchasingSet_Tab.AUT_CMWeb_SearchPurchasingSetofPrice" time="9.352" errors="1" timestamp="2021-03-03T13:54:44 SGT" skipped="1">
  <testcase classname="TestCases.Configuration_Module.PurchasingSet_Tab.AUT_CMWeb_SearchPurchasingSetofPrice" name="main" time="0.000">
    <skipped/>
  </testcase> <!-- main -->
  <system-out/>
  <testcase classname="TestCases.Configuration_Module.PurchasingSet_Tab.AUT_CMWeb_SearchPurchasingSetofPrice" name="beforeMethod" time="9.352">
    <error message="session not created: This version of ChromeDriver only supports Chrome version 87
Current browser version is 89.0.4389.72 with binary path C:\Program Files\Google\Chrome\Application\chrome.exe
Build info: version: &#039;3.141.59&#039;, revision: &#039;e82be7d358&#039;, time: &#039;2018-11-14T08:17:03&#039;
System info: host: &#039;WORKSTATION-40&#039;, ip: &#039;192.168.1.25&#039;, os.name: &#039;Windows 10&#039;, os.arch: &#039;amd64&#039;, os.version: &#039;10.0&#039;, java.version: &#039;11.0.9&#039;
Driver info: driver.version: ChromeDriver
remote stacktrace: Backtrace:
	Ordinal0 [0x00D5C0C3+3326147]
	Ordinal0 [0x00C40851+2164817]
	Ordinal0 [0x00AC7298+619160]
	Ordinal0 [0x00A41D92+73106]
	Ordinal0 [0x00A3E119+57625]
	Ordinal0 [0x00A3C38A+50058]
	Ordinal0 [0x00A65F3E+220990]
	Ordinal0 [0x00A65CAC+220332]
	Ordinal0 [0x00A6189B+202907]
	Ordinal0 [0x00A43DF4+81396]
	Ordinal0 [0x00A44DEE+85486]
	Ordinal0 [0x00A44D79+85369]
	Ordinal0 [0x00C585DC+2262492]
	GetHandleVerifier [0x00EE2874+1487204]
	GetHandleVerifier [0x00EE23CD+1486013]
	GetHandleVerifier [0x00EEA368+1518680]
	GetHandleVerifier [0x00EE2F4E+1488958]
	Ordinal0 [0x00C4ED0D+2223373]
	Ordinal0 [0x00C5A12B+2269483]
	Ordinal0 [0x00C5A26F+2269807]
	Ordinal0 [0x00C6ECB8+2354360]
	BaseThreadInitThunk [0x7721FA29+25]
	RtlGetAppContainerNamedObjectPath [0x77B276B4+228]
	RtlGetAppContainerNamedObjectPath [0x77B27684+180]
" type="org.openqa.selenium.SessionNotCreatedException">
      <![CDATA[org.openqa.selenium.SessionNotCreatedException: session not created: This version of ChromeDriver only supports Chrome version 87
Current browser version is 89.0.4389.72 with binary path C:\Program Files\Google\Chrome\Application\chrome.exe
Build info: version: '3.141.59', revision: 'e82be7d358', time: '2018-11-14T08:17:03'
System info: host: 'WORKSTATION-40', ip: '192.168.1.25', os.name: 'Windows 10', os.arch: 'amd64', os.version: '10.0', java.version: '11.0.9'
Driver info: driver.version: ChromeDriver
remote stacktrace: Backtrace:
Ordinal0 [0x00D5C0C3+3326147]
Ordinal0 [0x00C40851+2164817]
Ordinal0 [0x00AC7298+619160]
Ordinal0 [0x00A41D92+73106]
Ordinal0 [0x00A3E119+57625]
Ordinal0 [0x00A3C38A+50058]
Ordinal0 [0x00A65F3E+220990]
Ordinal0 [0x00A65CAC+220332]
Ordinal0 [0x00A6189B+202907]
Ordinal0 [0x00A43DF4+81396]
Ordinal0 [0x00A44DEE+85486]
Ordinal0 [0x00A44D79+85369]
Ordinal0 [0x00C585DC+2262492]
GetHandleVerifier [0x00EE2874+1487204]
GetHandleVerifier [0x00EE23CD+1486013]
GetHandleVerifier [0x00EEA368+1518680]
GetHandleVerifier [0x00EE2F4E+1488958]
Ordinal0 [0x00C4ED0D+2223373]
Ordinal0 [0x00C5A12B+2269483]
Ordinal0 [0x00C5A26F+2269807]
Ordinal0 [0x00C6ECB8+2354360]
BaseThreadInitThunk [0x7721FA29+25]
RtlGetAppContainerNamedObjectPath [0x77B276B4+228]
RtlGetAppContainerNamedObjectPath [0x77B27684+180]

at java.base/jdk.internal.reflect.NativeConstructorAccessorImpl.newInstance0(Native Method)
at java.base/jdk.internal.reflect.NativeConstructorAccessorImpl.newInstance(NativeConstructorAccessorImpl.java:62)
at java.base/jdk.internal.reflect.DelegatingConstructorAccessorImpl.newInstance(DelegatingConstructorAccessorImpl.java:45)
at java.base/java.lang.reflect.Constructor.newInstance(Constructor.java:490)
at org.openqa.selenium.remote.W3CHandshakeResponse.lambda$errorHandler$0(W3CHandshakeResponse.java:62)
at org.openqa.selenium.remote.HandshakeResponse.lambda$getResponseFunction$0(HandshakeResponse.java:30)
at org.openqa.selenium.remote.ProtocolHandshake.lambda$createSession$0(ProtocolHandshake.java:126)
at java.base/java.util.stream.ReferencePipeline$3$1.accept(ReferencePipeline.java:195)
at java.base/java.util.Spliterators$ArraySpliterator.tryAdvance(Spliterators.java:958)
at java.base/java.util.stream.ReferencePipeline.forEachWithCancel(ReferencePipeline.java:127)
at java.base/java.util.stream.AbstractPipeline.copyIntoWithCancel(AbstractPipeline.java:502)
at java.base/java.util.stream.AbstractPipeline.copyInto(AbstractPipeline.java:488)
at java.base/java.util.stream.AbstractPipeline.wrapAndCopyInto(AbstractPipeline.java:474)
at java.base/java.util.stream.FindOps$FindOp.evaluateSequential(FindOps.java:150)
at java.base/java.util.stream.AbstractPipeline.evaluate(AbstractPipeline.java:234)
at java.base/java.util.stream.ReferencePipeline.findFirst(ReferencePipeline.java:543)
at org.openqa.selenium.remote.ProtocolHandshake.createSession(ProtocolHandshake.java:128)
at org.openqa.selenium.remote.ProtocolHandshake.createSession(ProtocolHandshake.java:74)
at org.openqa.selenium.remote.HttpCommandExecutor.execute(HttpCommandExecutor.java:136)
at org.openqa.selenium.remote.service.DriverCommandExecutor.execute(DriverCommandExecutor.java:83)
at org.openqa.selenium.remote.RemoteWebDriver.execute(RemoteWebDriver.java:552)
at org.openqa.selenium.remote.RemoteWebDriver.startSession(RemoteWebDriver.java:213)
at org.openqa.selenium.remote.RemoteWebDriver.<init>(RemoteWebDriver.java:131)
at org.openqa.selenium.chrome.ChromeDriver.<init>(ChromeDriver.java:181)
at org.openqa.selenium.chrome.ChromeDriver.<init>(ChromeDriver.java:168)
at org.openqa.selenium.chrome.ChromeDriver.<init>(ChromeDriver.java:123)
at Utility.Utils.OpenBrowser(Utils.java:31)
at TestCases.Configuration_Module.PurchasingSet_Tab.AUT_CMWeb_SearchPurchasingSetofPrice.beforeMethod(AUT_CMWeb_SearchPurchasingSetofPrice.java:56)
at java.base/jdk.internal.reflect.NativeMethodAccessorImpl.invoke0(Native Method)
at java.base/jdk.internal.reflect.NativeMethodAccessorImpl.invoke(NativeMethodAccessorImpl.java:62)
at java.base/jdk.internal.reflect.DelegatingMethodAccessorImpl.invoke(DelegatingMethodAccessorImpl.java:43)
at java.base/java.lang.reflect.Method.invoke(Method.java:566)
at org.testng.internal.MethodInvocationHelper.invokeMethod(MethodInvocationHelper.java:132)
at org.testng.internal.MethodInvocationHelper.invokeMethodConsideringTimeout(MethodInvocationHelper.java:61)
at org.testng.internal.ConfigInvoker.invokeConfigurationMethod(ConfigInvoker.java:366)
at org.testng.internal.ConfigInvoker.invokeConfigurations(ConfigInvoker.java:320)
at org.testng.internal.TestInvoker.runConfigMethods(TestInvoker.java:701)
at org.testng.internal.TestInvoker.invokeMethod(TestInvoker.java:527)
at org.testng.internal.TestInvoker.invokeTestMethod(TestInvoker.java:174)
at org.testng.internal.MethodRunner.runInSequence(MethodRunner.java:46)
at org.testng.internal.TestInvoker$MethodInvocationAgent.invoke(TestInvoker.java:822)
at org.testng.internal.TestInvoker.invokeTestMethods(TestInvoker.java:147)
at org.testng.internal.TestMethodWorker.invokeTestMethods(TestMethodWorker.java:146)
at org.testng.internal.TestMethodWorker.run(TestMethodWorker.java:128)
at java.base/java.util.ArrayList.forEach(ArrayList.java:1541)
at org.testng.TestRunner.privateRun(TestRunner.java:764)
at org.testng.TestRunner.run(TestRunner.java:585)
at org.testng.SuiteRunner.runTest(SuiteRunner.java:384)
at org.testng.SuiteRunner.runSequentially(SuiteRunner.java:378)
at org.testng.SuiteRunner.privateRun(SuiteRunner.java:337)
at org.testng.SuiteRunner.run(SuiteRunner.java:286)
at org.testng.SuiteRunnerWorker.runSuite(SuiteRunnerWorker.java:53)
at org.testng.SuiteRunnerWorker.run(SuiteRunnerWorker.java:96)
at org.testng.TestNG.runSuitesSequentially(TestNG.java:1218)
at org.testng.TestNG.runSuitesLocally(TestNG.java:1140)
at org.testng.TestNG.runSuites(TestNG.java:1069)
at org.testng.TestNG.run(TestNG.java:1037)
at org.testng.remote.AbstractRemoteTestNG.run(AbstractRemoteTestNG.java:115)
at org.testng.remote.RemoteTestNG.initAndRun(RemoteTestNG.java:251)
at org.testng.remote.RemoteTestNG.main(RemoteTestNG.java:77)
]]>
    </error>
  </testcase> <!-- beforeMethod -->
  <system-out/>
</testsuite> <!-- TestCases.Configuration_Module.PurchasingSet_Tab.AUT_CMWeb_SearchPurchasingSetofPrice -->
